2023-12-29 13:50:11,367 [DEBUG] [PyQt5.uic.uiparser] uiname is Form
2023-12-29 13:50:11,367 [DEBUG] [PyQt5.uic.uiparser] toplevel widget is QWidget
2023-12-29 13:50:11,367 [DEBUG] [PyQt5.uic.properties] setting property geometry
2023-12-29 13:50:11,367 [DEBUG] [PyQt5.uic.properties] setting property windowTitle
2023-12-29 13:50:11,367 [DEBUG] [PyQt5.uic.uiparser] push QWidget Form
2023-12-29 13:50:11,367 [DEBUG] [PyQt5.uic.uiparser] push QVBoxLayout verticalLayout_3
2023-12-29 13:50:11,367 [DEBUG] [PyQt5.uic.properties] setting property sizePolicy
2023-12-29 13:50:11,368 [DEBUG] [PyQt5.uic.properties] setting property frameShadow
2023-12-29 13:50:11,368 [DEBUG] [PyQt5.uic.properties] setting property currentIndex
2023-12-29 13:50:11,368 [DEBUG] [PyQt5.uic.uiparser] push QStackedWidget stack
2023-12-29 13:50:11,368 [DEBUG] [PyQt5.uic.uiparser] push QWidget page_1
2023-12-29 13:50:11,368 [DEBUG] [PyQt5.uic.properties] setting property margin
2023-12-29 13:50:11,368 [DEBUG] [PyQt5.uic.properties] setting property pyuicMargins
2023-12-29 13:50:11,368 [DEBUG] [PyQt5.uic.uiparser] push QVBoxLayout verticalLayout
2023-12-29 13:50:11,368 [DEBUG] [PyQt5.uic.uiparser] push QGridLayout gridLayout
2023-12-29 13:50:11,368 [DEBUG] [PyQt5.uic.properties] setting property text
2023-12-29 13:50:11,368 [DEBUG] [PyQt5.uic.properties] setting property buddy
2023-12-29 13:50:11,368 [DEBUG] [PyQt5.uic.uiparser] push QLabel label
2023-12-29 13:50:11,368 [DEBUG] [PyQt5.uic.uiparser] pop widget QLabel label
2023-12-29 13:50:11,368 [DEBUG] [PyQt5.uic.uiparser] new topwidget <PyQt5.QtWidgets.QWidget object at 0x7f8f976e4160>
2023-12-29 13:50:11,368 [DEBUG] [PyQt5.uic.properties] setting property text
2023-12-29 13:50:11,369 [DEBUG] [PyQt5.uic.properties] setting property buddy
2023-12-29 13:50:11,369 [DEBUG] [PyQt5.uic.uiparser] push QLabel label_2
2023-12-29 13:50:11,369 [DEBUG] [PyQt5.uic.uiparser] pop widget QLabel label_2
2023-12-29 13:50:11,369 [DEBUG] [PyQt5.uic.uiparser] new topwidget <PyQt5.QtWidgets.QWidget object at 0x7f8f976e4160>
2023-12-29 13:50:11,369 [DEBUG] [PyQt5.uic.properties] setting property sizePolicy
2023-12-29 13:50:11,369 [DEBUG] [PyQt5.uic.properties] setting property suffix
2023-12-29 13:50:11,369 [DEBUG] [PyQt5.uic.properties] setting property maximum
2023-12-29 13:50:11,369 [DEBUG] [PyQt5.uic.uiparser] push QDoubleSpinBox input_height_units
2023-12-29 13:50:11,369 [DEBUG] [PyQt5.uic.uiparser] pop widget QDoubleSpinBox input_height_units
2023-12-29 13:50:11,369 [DEBUG] [PyQt5.uic.uiparser] new topwidget <PyQt5.QtWidgets.QWidget object at 0x7f8f976e4160>
2023-12-29 13:50:11,369 [DEBUG] [PyQt5.uic.properties] setting property sizePolicy
2023-12-29 13:50:11,369 [DEBUG] [PyQt5.uic.properties] setting property suffix
2023-12-29 13:50:11,369 [DEBUG] [PyQt5.uic.properties] setting property maximum
2023-12-29 13:50:11,369 [DEBUG] [PyQt5.uic.uiparser] push QDoubleSpinBox input_width_units
2023-12-29 13:50:11,369 [DEBUG] [PyQt5.uic.uiparser] pop widget QDoubleSpinBox input_width_units
2023-12-29 13:50:11,369 [DEBUG] [PyQt5.uic.uiparser] new topwidget <PyQt5.QtWidgets.QWidget object at 0x7f8f976e4160>
2023-12-29 13:50:11,370 [DEBUG] [PyQt5.uic.properties] setting property sizePolicy
2023-12-29 13:50:11,370 [DEBUG] [PyQt5.uic.properties] setting property suffix
2023-12-29 13:50:11,370 [DEBUG] [PyQt5.uic.properties] setting property maximum
2023-12-29 13:50:11,370 [DEBUG] [PyQt5.uic.uiparser] push QSpinBox input_width
2023-12-29 13:50:11,370 [DEBUG] [PyQt5.uic.uiparser] pop widget QSpinBox input_width
2023-12-29 13:50:11,370 [DEBUG] [PyQt5.uic.uiparser] new topwidget <PyQt5.QtWidgets.QWidget object at 0x7f8f976e4160>
2023-12-29 13:50:11,370 [DEBUG] [PyQt5.uic.properties] setting property sizePolicy
2023-12-29 13:50:11,370 [DEBUG] [PyQt5.uic.properties] setting property suffix
2023-12-29 13:50:11,370 [DEBUG] [PyQt5.uic.properties] setting property maximum
2023-12-29 13:50:11,370 [DEBUG] [PyQt5.uic.uiparser] push QSpinBox input_height
2023-12-29 13:50:11,370 [DEBUG] [PyQt5.uic.uiparser] pop widget QSpinBox input_height
2023-12-29 13:50:11,370 [DEBUG] [PyQt5.uic.uiparser] new topwidget <PyQt5.QtWidgets.QWidget object at 0x7f8f976e4160>
2023-12-29 13:50:11,370 [DEBUG] [PyQt5.uic.uiparser] pop layout QGridLayout gridLayout
2023-12-29 13:50:11,370 [DEBUG] [PyQt5.uic.uiparser] push QHBoxLayout horizontalLayout_2
2023-12-29 13:50:11,370 [DEBUG] [PyQt5.uic.properties] setting property toolTip
2023-12-29 13:50:11,370 [DEBUG] [PyQt5.uic.properties] setting property text
2023-12-29 13:50:11,370 [DEBUG] [PyQt5.uic.uiparser] push QPushButton button_current
2023-12-29 13:50:11,370 [DEBUG] [PyQt5.uic.uiparser] pop widget QPushButton button_current
2023-12-29 13:50:11,371 [DEBUG] [PyQt5.uic.uiparser] new topwidget <PyQt5.QtWidgets.QWidget object at 0x7f8f976e4160>
2023-12-29 13:50:11,371 [DEBUG] [PyQt5.uic.properties] setting property text
2023-12-29 13:50:11,371 [DEBUG] [PyQt5.uic.properties] setting property checked
2023-12-29 13:50:11,371 [DEBUG] [PyQt5.uic.uiparser] push QCheckBox button_lock
2023-12-29 13:50:11,371 [DEBUG] [PyQt5.uic.uiparser] pop widget QCheckBox button_lock
2023-12-29 13:50:11,371 [DEBUG] [PyQt5.uic.uiparser] new topwidget <PyQt5.QtWidgets.QWidget object at 0x7f8f976e4160>
2023-12-29 13:50:11,371 [DEBUG] [PyQt5.uic.uiparser] pop layout QHBoxLayout horizontalLayout_2
2023-12-29 13:50:11,371 [DEBUG] [PyQt5.uic.uiparser] push QHBoxLayout horizontalLayout
2023-12-29 13:50:11,371 [DEBUG] [PyQt5.uic.properties] setting property text
2023-12-29 13:50:11,371 [DEBUG] [PyQt5.uic.properties] setting property buddy
2023-12-29 13:50:11,371 [DEBUG] [PyQt5.uic.uiparser] push QLabel label_5
2023-12-29 13:50:11,371 [DEBUG] [PyQt5.uic.uiparser] pop widget QLabel label_5
2023-12-29 13:50:11,371 [DEBUG] [PyQt5.uic.uiparser] new topwidget <PyQt5.QtWidgets.QWidget object at 0x7f8f976e4160>
2023-12-29 13:50:11,371 [DEBUG] [PyQt5.uic.uiparser] push QComboBox input_units
2023-12-29 13:50:11,371 [DEBUG] [PyQt5.uic.uiparser] pop widget QComboBox input_units
2023-12-29 13:50:11,371 [DEBUG] [PyQt5.uic.uiparser] new topwidget <PyQt5.QtWidgets.QWidget object at 0x7f8f976e4160>
2023-12-29 13:50:11,371 [DEBUG] [PyQt5.uic.properties] setting property text
2023-12-29 13:50:11,372 [DEBUG] [PyQt5.uic.uiparser] push QLabel label_3
2023-12-29 13:50:11,372 [DEBUG] [PyQt5.uic.uiparser] pop widget QLabel label_3
2023-12-29 13:50:11,372 [DEBUG] [PyQt5.uic.uiparser] new topwidget <PyQt5.QtWidgets.QWidget object at 0x7f8f976e4160>
2023-12-29 13:50:11,372 [DEBUG] [PyQt5.uic.properties] setting property sizePolicy
2023-12-29 13:50:11,372 [DEBUG] [PyQt5.uic.properties] setting property minimumSize
2023-12-29 13:50:11,372 [DEBUG] [PyQt5.uic.properties] setting property editable
2023-12-29 13:50:11,372 [DEBUG] [PyQt5.uic.properties] setting property currentIndex
2023-12-29 13:50:11,372 [DEBUG] [PyQt5.uic.uiparser] push QComboBox input_dpi
2023-12-29 13:50:11,372 [DEBUG] [PyQt5.uic.uiparser] pop widget QComboBox input_dpi
2023-12-29 13:50:11,372 [DEBUG] [PyQt5.uic.uiparser] new topwidget <PyQt5.QtWidgets.QWidget object at 0x7f8f976e4160>
2023-12-29 13:50:11,372 [DEBUG] [PyQt5.uic.properties] setting property toolTip
2023-12-29 13:50:11,372 [DEBUG] [PyQt5.uic.properties] setting property text
2023-12-29 13:50:11,372 [DEBUG] [PyQt5.uic.uiparser] push QLabel label_4
2023-12-29 13:50:11,372 [DEBUG] [PyQt5.uic.uiparser] pop widget QLabel label_4
2023-12-29 13:50:11,373 [DEBUG] [PyQt5.uic.uiparser] new topwidget <PyQt5.QtWidgets.QWidget object at 0x7f8f976e4160>
2023-12-29 13:50:11,373 [DEBUG] [PyQt5.uic.uiparser] pop layout QHBoxLayout horizontalLayout
2023-12-29 13:50:11,373 [DEBUG] [PyQt5.uic.properties] setting property text
2023-12-29 13:50:11,373 [DEBUG] [PyQt5.uic.properties] setting property checked
2023-12-29 13:50:11,373 [DEBUG] [PyQt5.uic.uiparser] push QCheckBox input_transparent
2023-12-29 13:50:11,373 [DEBUG] [PyQt5.uic.uiparser] pop widget QCheckBox input_transparent
2023-12-29 13:50:11,373 [DEBUG] [PyQt5.uic.uiparser] new topwidget <PyQt5.QtWidgets.QWidget object at 0x7f8f976e4160>
2023-12-29 13:50:11,373 [DEBUG] [PyQt5.uic.properties] setting property orientation
2023-12-29 13:50:11,373 [DEBUG] [PyQt5.uic.uiparser] push QFrame line_2
2023-12-29 13:50:11,373 [DEBUG] [PyQt5.uic.uiparser] pop widget QFrame line_2
2023-12-29 13:50:11,373 [DEBUG] [PyQt5.uic.uiparser] new topwidget <PyQt5.QtWidgets.QWidget object at 0x7f8f976e4160>
2023-12-29 13:50:11,373 [DEBUG] [PyQt5.uic.uiparser] push QHBoxLayout horizontalLayout_3
2023-12-29 13:50:11,373 [DEBUG] [PyQt5.uic.properties] setting property sizePolicy
2023-12-29 13:50:11,373 [DEBUG] [PyQt5.uic.properties] setting property toolTip
2023-12-29 13:50:11,373 [DEBUG] [PyQt5.uic.properties] setting property text
2023-12-29 13:50:11,373 [DEBUG] [PyQt5.uic.properties] setting property default
2023-12-29 13:50:11,373 [DEBUG] [PyQt5.uic.uiparser] push QPushButton button_draw
2023-12-29 13:50:11,373 [DEBUG] [PyQt5.uic.uiparser] pop widget QPushButton button_draw
2023-12-29 13:50:11,373 [DEBUG] [PyQt5.uic.uiparser] new topwidget <PyQt5.QtWidgets.QWidget object at 0x7f8f976e4160>
2023-12-29 13:50:11,373 [DEBUG] [PyQt5.uic.properties] setting property text
2023-12-29 13:50:11,374 [DEBUG] [PyQt5.uic.properties] setting property alignment
2023-12-29 13:50:11,374 [DEBUG] [PyQt5.uic.uiparser] push QLabel label_6
2023-12-29 13:50:11,374 [DEBUG] [PyQt5.uic.uiparser] pop widget QLabel label_6
2023-12-29 13:50:11,374 [DEBUG] [PyQt5.uic.uiparser] new topwidget <PyQt5.QtWidgets.QWidget object at 0x7f8f976e4160>
2023-12-29 13:50:11,374 [DEBUG] [PyQt5.uic.properties] setting property sizePolicy
2023-12-29 13:50:11,374 [DEBUG] [PyQt5.uic.properties] setting property toolTip
2023-12-29 13:50:11,374 [DEBUG] [PyQt5.uic.properties] setting property text
2023-12-29 13:50:11,374 [DEBUG] [PyQt5.uic.properties] setting property default
2023-12-29 13:50:11,374 [DEBUG] [PyQt5.uic.uiparser] push QPushButton button_ray
2023-12-29 13:50:11,374 [DEBUG] [PyQt5.uic.uiparser] pop widget QPushButton button_ray
2023-12-29 13:50:11,374 [DEBUG] [PyQt5.uic.uiparser] new topwidget <PyQt5.QtWidgets.QWidget object at 0x7f8f976e4160>
2023-12-29 13:50:11,374 [DEBUG] [PyQt5.uic.uiparser] pop layout QHBoxLayout horizontalLayout_3
2023-12-29 13:50:11,374 [DEBUG] [PyQt5.uic.uiparser] pop layout QVBoxLayout verticalLayout
2023-12-29 13:50:11,374 [DEBUG] [PyQt5.uic.uiparser] pop widget QWidget page_1
2023-12-29 13:50:11,374 [DEBUG] [PyQt5.uic.uiparser] new topwidget <PyQt5.QtWidgets.QStackedWidget object at 0x7f8f976e4040>
2023-12-29 13:50:11,374 [DEBUG] [PyQt5.uic.uiparser] push QWidget page_2
2023-12-29 13:50:11,375 [DEBUG] [PyQt5.uic.properties] setting property margin
2023-12-29 13:50:11,375 [DEBUG] [PyQt5.uic.properties] setting property pyuicMargins
2023-12-29 13:50:11,375 [DEBUG] [PyQt5.uic.uiparser] push QVBoxLayout verticalLayout_2
2023-12-29 13:50:11,375 [DEBUG] [PyQt5.uic.properties] setting property text
2023-12-29 13:50:11,375 [DEBUG] [PyQt5.uic.uiparser] push QPushButton button_save
2023-12-29 13:50:11,375 [DEBUG] [PyQt5.uic.uiparser] pop widget QPushButton button_save
2023-12-29 13:50:11,375 [DEBUG] [PyQt5.uic.uiparser] new topwidget <PyQt5.QtWidgets.QWidget object at 0x7f8f976e5bd0>
2023-12-29 13:50:11,375 [DEBUG] [PyQt5.uic.properties] setting property text
2023-12-29 13:50:11,375 [DEBUG] [PyQt5.uic.uiparser] push QPushButton button_clip
2023-12-29 13:50:11,375 [DEBUG] [PyQt5.uic.uiparser] pop widget QPushButton button_clip
2023-12-29 13:50:11,375 [DEBUG] [PyQt5.uic.uiparser] new topwidget <PyQt5.QtWidgets.QWidget object at 0x7f8f976e5bd0>
2023-12-29 13:50:11,375 [DEBUG] [PyQt5.uic.uiparser] push QHBoxLayout horizontalLayout_4
2023-12-29 13:50:11,375 [DEBUG] [PyQt5.uic.properties] setting property text
2023-12-29 13:50:11,375 [DEBUG] [PyQt5.uic.uiparser] push QPushButton button_back
2023-12-29 13:50:11,375 [DEBUG] [PyQt5.uic.uiparser] pop widget QPushButton button_back
2023-12-29 13:50:11,375 [DEBUG] [PyQt5.uic.uiparser] new topwidget <PyQt5.QtWidgets.QWidget object at 0x7f8f976e5bd0>
2023-12-29 13:50:11,375 [DEBUG] [PyQt5.uic.uiparser] pop layout QHBoxLayout horizontalLayout_4
2023-12-29 13:50:11,375 [DEBUG] [PyQt5.uic.uiparser] pop layout QVBoxLayout verticalLayout_2
2023-12-29 13:50:11,376 [DEBUG] [PyQt5.uic.uiparser] pop widget QWidget page_2
2023-12-29 13:50:11,376 [DEBUG] [PyQt5.uic.uiparser] new topwidget <PyQt5.QtWidgets.QStackedWidget object at 0x7f8f976e4040>
2023-12-29 13:50:11,376 [DEBUG] [PyQt5.uic.uiparser] pop widget QStackedWidget stack
2023-12-29 13:50:11,376 [DEBUG] [PyQt5.uic.uiparser] new topwidget <PyQt5.QtWidgets.QWidget object at 0x7f8f976511b0>
2023-12-29 13:50:11,376 [DEBUG] [PyQt5.uic.uiparser] pop layout QVBoxLayout verticalLayout_3
2023-12-29 13:50:11,376 [DEBUG] [PyQt5.uic.uiparser] pop widget QWidget Form
2023-12-29 13:50:11,376 [DEBUG] [PyQt5.uic.uiparser] new topwidget None
2023-12-29 13:50:11,376 [DEBUG] [PyQt5.uic.uiparser] input_width is buddy of label
2023-12-29 13:50:11,376 [DEBUG] [PyQt5.uic.uiparser] input_height is buddy of label_2
2023-12-29 13:50:11,376 [DEBUG] [PyQt5.uic.uiparser] input_units is buddy of label_5
